core.init: Rosetta version: 2017.48.post.dev+98.master.ff3a0b4de42 ff3a0b4de427f5a12b4f6036e5fdb5bc455e10fd git@guybrush.ucsf.edu:kortemme-lab/rosetta.git 2017-11-28T14:16:06
core.init: command: ../../rosetta/master/source/bin/rosetta_scripts.linuxclangrelease -database ../../rosetta/master/database -in:file:s 191650_000000_input.pdb.gz -out:prefix outputs/ -out:no_nstruct_label -out:overwrite -parser:protocol loophash.xml -parser:script_vars wts_file=../../rosetta/master/database/scoring/weights/ref2015.wts -parser:script_vars cst_file=../../inputs/restraints/v4/glu_del1.restraints -parser:script_vars foldtree_file=../../inputs/foldtree/dimer_loops_del1.foldtree -parser:script_vars loop_start=198 -parser:script_vars loop_stop=201 -packing:resfile ../../inputs/resfile/v4/resfile_del1 -lh:db_path ../../data/pip/20180105_rebuild_lhkic_del1/loophash_db -extra_res_cen ../../inputs/ligand/EQU.cen.params -extra_res_fa ../../inputs/ligand/EQU.fa.params
core.init: 'RNG device' seed mode, using '/dev/urandom', seed=767156252 seed_offset=0 real_seed=767156252
core.init.random: RandomGenerator:init: Normal mode, seed=767156252 RG_type=mt19937
protocols.jd2.PDBJobInputter: Instantiate PDBJobInputter
protocols.jd2.PDBJobInputter: PDBJobInputter::fill_jobs
protocols.jd2.PDBJobInputter: pushed 191650_000000_input.pdb.gz nstruct index 1
protocols.evaluation.ChiWellRmsdEvaluatorCreator: Evaluation Creator active ... 
protocols.jd2.PDBJobInputter: PDBJobInputter::pose_from_job
protocols.jd2.PDBJobInputter: filling pose from PDB 191650_000000_input.pdb.gz
core.chemical.GlobalResidueTypeSet: Finished initializing fa_standard residue type set.  Created 574 residue types
core.chemical.GlobalResidueTypeSet: Total time to initialize 0.55541 seconds.
core.import_pose.import_pose: File '191650_000000_input.pdb.gz' automatically determined to be of type PDB
protocols.rosetta_scripts.RosettaScriptsParser: dock_design_filename=loophash.xml
protocols.rosetta_scripts.RosettaScriptsParser: Variable substitution will occur with the following values: '%%cst_file%%'='../../inputs/restraints/v4/glu_del1.restraints';  '%%foldtree_file%%'='../../inputs/foldtree/dimer_loops_del1.foldtree';  '%%loop_start%%'='198';  '%%loop_stop%%'='201';  '%%wts_file%%'='../../rosetta/master/database/scoring/weights/ref2015.wts';  
protocols.rosetta_scripts.RosettaScriptsParser: Substituted script:
<ROSETTASCRIPTS>

  <SCOREFXNS>
    <ScoreFunction name="scorefxn" weights="../../rosetta/master/database/scoring/weights/ref2015.wts"/>
    <ScoreFunction name="scorefxn_cst" weights="../../rosetta/master/database/scoring/weights/ref2015.wts">
      <Reweight scoretype="coordinate_constraint" weight="1.0"/>
      <Reweight scoretype="atom_pair_constraint" weight="1.0"/>
      <Reweight scoretype="angle_constraint" weight="1.0"/>
      <Reweight scoretype="dihedral_constraint" weight="1.0"/>
      <Reweight scoretype="res_type_constraint" weight="1.5"/>
      <Reweight scoretype="chainbreak" weight="100.0"/>
    </ScoreFunction>
  </SCOREFXNS>

  <TASKOPERATIONS>
    <ReadResfile name="resfile"/>
    <ExtraRotamersGeneric name="ex" ex1="yes" ex2="yes" extrachi_cutoff="0"/>
    <RestrictToRepacking name="repack"/>
  </TASKOPERATIONS>

  <MOVERS>
    <FavorNativeResidue name="favornative" />
    <ConstraintSetMover name="cst" cst_fa_file="../../inputs/restraints/v4/glu_del1.restraints"/>
    <AtomTree name="foldtree" fold_tree_file="../../inputs/foldtree/dimer_loops_del1.foldtree"/>
    <AddChainBreak name="break_a" resnum="32" change_foldtree="no"/>
    <AddChainBreak name="break_b" resnum="202" change_foldtree="no"/>
    <FastDesign name="fastdesign" 
        task_operations="resfile,repack"
        scorefxn="scorefxn_cst"
    >
      <MoveMap bb="no" chi="yes" jump="no">
         <Span begin="198" end="203" chi="yes" bb="yes"/>
      </MoveMap>
    </FastDesign>

    <LoopHash
      name="loophash"
      start_res_num="198"
      stop_res_num="198"
      loop_sizes="4"
      ncentroid="100"
    />
  </MOVERS>

  <PROTOCOLS>
    <!--
    <Add mover_name="favornative"/>
    <Add mover_name="cst"/>
    <Add mover_name="foldtree"/>
    <Add mover_name="break_a"/>
    <Add mover_name="break_b"/>
    <Add mover_name="fastdesign"/>
    -->
    <Add mover_name="loophash"/>
  </PROTOCOLS>

  <OUTPUT scorefxn="scorefxn_cst"/>

</ROSETTASCRIPTS>

protocols.rosetta_scripts.RosettaScriptsParser: Generating XML Schema for rosetta_scripts...
protocols.rosetta_scripts.RosettaScriptsParser: ...done
protocols.rosetta_scripts.RosettaScriptsParser: Initializing schema validator...
protocols.rosetta_scripts.RosettaScriptsParser: ...done
protocols.rosetta_scripts.RosettaScriptsParser: Validating input script...
protocols.rosetta_scripts.RosettaScriptsParser: ...done
protocols.rosetta_scripts.RosettaScriptsParser: Parsed script:
<ROSETTASCRIPTS>
	<SCOREFXNS>
		<ScoreFunction name="scorefxn" weights="../../rosetta/master/database/scoring/weights/ref2015.wts"/>
		<ScoreFunction name="scorefxn_cst" weights="../../rosetta/master/database/scoring/weights/ref2015.wts">
			<Reweight scoretype="coordinate_constraint" weight="1.0"/>
			<Reweight scoretype="atom_pair_constraint" weight="1.0"/>
			<Reweight scoretype="angle_constraint" weight="1.0"/>
			<Reweight scoretype="dihedral_constraint" weight="1.0"/>
			<Reweight scoretype="res_type_constraint" weight="1.5"/>
			<Reweight scoretype="chainbreak" weight="100.0"/>
		</ScoreFunction>
	</SCOREFXNS>
	<TASKOPERATIONS>
		<ReadResfile name="resfile"/>
		<ExtraRotamersGeneric ex1="yes" ex2="yes" extrachi_cutoff="0" name="ex"/>
		<RestrictToRepacking name="repack"/>
	</TASKOPERATIONS>
	<MOVERS>
		<FavorNativeResidue name="favornative"/>
		<ConstraintSetMover cst_fa_file="../../inputs/restraints/v4/glu_del1.restraints" name="cst"/>
		<AtomTree fold_tree_file="../../inputs/foldtree/dimer_loops_del1.foldtree" name="foldtree"/>
		<AddChainBreak change_foldtree="no" name="break_a" resnum="32"/>
		<AddChainBreak change_foldtree="no" name="break_b" resnum="202"/>
		<FastDesign name="fastdesign" scorefxn="scorefxn_cst" task_operations="resfile,repack">
			<MoveMap bb="no" chi="yes" jump="no">
				<Span bb="yes" begin="198" chi="yes" end="203"/>
			</MoveMap>
		</FastDesign>
		<LoopHash loop_sizes="4" name="loophash" ncentroid="100" start_res_num="198" stop_res_num="198"/>
	</MOVERS>
	<PROTOCOLS>
		<Add mover_name="loophash"/>
	</PROTOCOLS>
	<OUTPUT scorefxn="scorefxn_cst"/>
</ROSETTASCRIPTS>
core.scoring.ScoreFunctionFactory: SCOREFUNCTION: ref2015
core.scoring.etable: Starting energy table calculation
core.scoring.etable: smooth_etable: changing atr/rep split to bottom of energy well
core.scoring.etable: smooth_etable: spline smoothing lj etables (maxdis = 6)
core.scoring.etable: smooth_etable: spline smoothing solvation etables (max_dis = 6)
core.scoring.etable: Finished calculating energy tables.
basic.io.database: Database file opened: scoring/score_functions/hbonds/ref2015_params/HBPoly1D.csv
basic.io.database: Database file opened: scoring/score_functions/hbonds/ref2015_params/HBFadeIntervals.csv
basic.io.database: Database file opened: scoring/score_functions/hbonds/ref2015_params/HBEval.csv
basic.io.database: Database file opened: scoring/score_functions/hbonds/ref2015_params/DonStrength.csv
basic.io.database: Database file opened: scoring/score_functions/hbonds/ref2015_params/AccStrength.csv
basic.io.database: Database file opened: scoring/score_functions/rama/fd/all.ramaProb
basic.io.database: Database file opened: scoring/score_functions/rama/fd/prepro.ramaProb
basic.io.database: Database file opened: scoring/score_functions/omega/omega_ppdep.all.txt
basic.io.database: Database file opened: scoring/score_functions/omega/omega_ppdep.gly.txt
basic.io.database: Database file opened: scoring/score_functions/omega/omega_ppdep.pro.txt
basic.io.database: Database file opened: scoring/score_functions/omega/omega_ppdep.valile.txt
basic.io.database: Database file opened: scoring/score_functions/P_AA_pp/P_AA
basic.io.database: Database file opened: scoring/score_functions/P_AA_pp/P_AA_n
core.scoring.P_AA: shapovalov_lib::shap_p_aa_pp_smooth_level of 1( aka low_smooth ) got activated.
basic.io.database: Database file opened: scoring/score_functions/P_AA_pp/shapovalov/10deg/kappa131/a20.prop
core.scoring.etable: Starting energy table calculation
core.scoring.etable: smooth_etable: changing atr/rep split to bottom of energy well
core.scoring.etable: smooth_etable: spline smoothing lj etables (maxdis = 6)
core.scoring.etable: smooth_etable: spline smoothing solvation etables (max_dis = 6)
core.scoring.etable: Finished calculating energy tables.
basic.io.database: Database file opened: scoring/score_functions/PairEPotential/pdb_pair_stats_fine
basic.io.database: Database file opened: scoring/score_functions/InterchainPotential/interchain_env_log.txt
basic.io.database: Database file opened: scoring/score_functions/InterchainPotential/interchain_pair_log.txt
basic.io.database: Database file opened: scoring/score_functions/EnvPairPotential/env_log.txt
basic.io.database: Database file opened: scoring/score_functions/EnvPairPotential/cbeta_den.txt
basic.io.database: Database file opened: scoring/score_functions/EnvPairPotential/pair_log.txt
basic.io.database: Database file opened: scoring/score_functions/EnvPairPotential/cenpack_log.txt
core.scoring.ramachandran: shapovalov_lib::shap_rama_smooth_level of 4( aka highest_smooth ) got activated.
basic.io.database: Database file opened: scoring/score_functions/rama/shapovalov/kappa25/all.ramaProb
protocols.jd2.parser.ScoreFunctionLoader: defined score function "scorefxn" with weights "../../rosetta/master/database/scoring/weights/ref2015.wts"
protocols.jd2.parser.ScoreFunctionLoader: defined score function "scorefxn_cst" with weights "../../rosetta/master/database/scoring/weights/ref2015.wts"
protocols.jd2.parser.ScoreFunctionLoader:  setting scorefxn_cst weight coordinate_constraint to 1
protocols.jd2.parser.ScoreFunctionLoader:  setting scorefxn_cst weight atom_pair_constraint to 1
protocols.jd2.parser.ScoreFunctionLoader:  setting scorefxn_cst weight angle_constraint to 1
protocols.jd2.parser.ScoreFunctionLoader:  setting scorefxn_cst weight dihedral_constraint to 1
protocols.jd2.parser.ScoreFunctionLoader:  setting scorefxn_cst weight res_type_constraint to 1.5
protocols.jd2.parser.ScoreFunctionLoader:  setting scorefxn_cst weight chainbreak to 100
protocols.jd2.parser.TaskOperationLoader: Defined TaskOperation named "resfile" of type ReadResfile
protocols.jd2.parser.TaskOperationLoader: Defined TaskOperation named "ex" of type ExtraRotamersGeneric
protocols.jd2.parser.TaskOperationLoader: Defined TaskOperation named "repack" of type RestrictToRepacking
protocols.protein_interface_design.movers.FavorNativeResiduePreCycle: Setting res_type_constraint weight in scorefxn REF2015 to 1.5
Setting res_type_constraint weight in scorefxn commandline to 1.5
Setting res_type_constraint weight in scorefxn score4L to 1.5
Setting res_type_constraint weight in scorefxn score_docking_low to 1.5
Setting res_type_constraint weight in scorefxn scorefxn to 1.5
Setting res_type_constraint weight in scorefxn soft_rep to 1.5
applying favor native residue to pose with weight: 1.5
protocols.rosetta_scripts.RosettaScriptsParser: Defined mover named "favornative" of type FavorNativeResidue
protocols.simple_moves.ConstraintSetMover: of type ConstraintSetMover with constraint file: 
protocols.simple_moves.ConstraintSetMover: of type ConstraintSetMover with fullatom constraint file: ../../inputs/restraints/v4/glu_del1.restraints
protocols.rosetta_scripts.RosettaScriptsParser: Defined mover named "cst" of type ConstraintSetMover
protocols.protein_interface_design.movers.SetAtomTree: Read fold tree from file: FOLD_TREE  EDGE 99 1 3  EDGE 99 33 -1  EDGE 99 124 -1  EDGE 99 224 1  EDGE 99 250 2  EDGE 224 125 4  EDGE 224 202 -1  EDGE 224 249 -1  EDGE 1 32 -1  EDGE 125 201 -1 
protocols.rosetta_scripts.RosettaScriptsParser: Defined mover named "foldtree" of type AtomTree
protocols.protein_interface_design.movers.AddChainBreak: resnum: 32 change foldtree 0 find cutpoints automatically 0 remove: 0
protocols.rosetta_scripts.RosettaScriptsParser: Defined mover named "break_a" of type AddChainBreak
protocols.protein_interface_design.movers.AddChainBreak: resnum: 202 change foldtree 0 find cutpoints automatically 0 remove: 0
protocols.rosetta_scripts.RosettaScriptsParser: Defined mover named "break_b" of type AddChainBreak
protocols.relax.FastRelax: ================== Using default script ==================
protocols.RosettaScripts.util: Object fastdesign reading the following task_operations: Adding the following task operations
resfile repack 
protocols.relax.FastRelax: ================== Using default script ==================
protocols.rosetta_scripts.RosettaScriptsParser: Defined mover named "fastdesign" of type FastDesign
basic.io.database: Database file opened: scoring/score_functions/SecondaryStructurePotential/phi.theta.36.HS.resmooth
basic.io.database: Database file opened: scoring/score_functions/SecondaryStructurePotential/phi.theta.36.SS.resmooth
LoopHashLibrary: HASHSIZE: 4
LoopHashMap: Setting up hash_: Size:  4
LoopHashMap: Setting up hash_: Size:  10
LoopHashLibrary: Reading merged bbdb_ (BackboneDatabase)  with extras
LoopHashLibrary: Reading ../../data/pip/20180105_rebuild_lhkic_del1/loophash_db/backbone.db
BackboneDB: Reading in proteins 0 to 25494 out of 25494 , partition: 1/1
BackboneDB: Read in 25494 proteins
BackboneDB: Data_ size 25494
LoopHashLibrary: Reading loopdb (LoopHashDatabase)  with loop size 4
LoopHashMap: Loophashmap range 0 25492
LoopHashLibrary: Read MergedLoopHash Library from disk: 4 seconds 
LoopHashLibrary: Hash: 4
LoopHashMap: loopdb_: 1966375 Size: 47193000
LoopHashMap: BackboneIndexMap: 1966375 Size: 31462000
LoopHashLibrary: BackboneDB: 3059384
protocols.rosetta_scripts.RosettaScriptsParser: Defined mover named "loophash" of type LoopHash
protocols.rosetta_scripts.ParsedProtocol: ParsedProtocol mover with the following movers and filters
protocols.rosetta_scripts.ParsedProtocol: added mover "loophash" with filter "true_filter"
protocols::checkpoint: Deleting checkpoints of FastRelax
protocols.jd2.PDBJobInputter: PDBJobInputter::pose_from_job
protocols.jd2.PDBJobInputter: filling pose from saved copy 191650_000000_input.pdb.gz
protocols.rosetta_scripts.ParsedProtocol: =======================BEGIN MOVER LoopHash - loophash=======================
core.chemical.GlobalResidueTypeSet: Finished initializing centroid residue type set.  Created 63 residue types
core.chemical.GlobalResidueTypeSet: Total time to initialize 0.02097 seconds.
LocalHashSampler: LoopHashSampler limits: 10 10  5  2000
LocalHashSampler: Running: Start:198  End: 198
LocalHashSampler: LHS: 198-198:   struc 10 (max) 10 secs 2 secs  Total: 59 RjTor: 30 RjPro: 0 RjBeta: 0 RjGly: 30 RjCA(0-4): 0 RjBB: 0 Built: 10 MaxRad: 2
protocols.loophash.LoopHashMoverWrapper: Found 10 alternative states in time: 2
protocols.loophash.LoopHashMoverWrapper: After centroid filter: 10 of 10 structures
protocols.loophash.LoopHashMoverWrapper: Returning score = -99999
protocols.rosetta_scripts.ParsedProtocol: setting status to success
basic.io.database: Database file opened: scoring/score_functions/elec_cp_reps.dat
core.scoring.elec.util: Read 40 countpair representative atoms
core.pack.dunbrack.RotamerLibrary: shapovalov_lib_fixes_enable option is true.
core.pack.dunbrack.RotamerLibrary: shapovalov_lib::shap_dun10_smooth_level of 1( aka lowest_smooth ) got activated.
core.pack.dunbrack.RotamerLibrary: Binary rotamer library selected: ../../rosetta/master/database/rotamer/shapovalov/StpDwn_0-0-0/Dunbrack10.lib.bin
core.pack.dunbrack.RotamerLibrary: Using Dunbrack library binary file '../../rosetta/master/database/rotamer/shapovalov/StpDwn_0-0-0/Dunbrack10.lib.bin'.
core.pack.dunbrack.RotamerLibrary: Dunbrack 2010 library took 0.123851 seconds to load from binary
protocols.loophash.LoopHashMoverWrapper: Returning score = -99999
protocols.jd2.JobDistributor: outputs/191650_000000_input reported success in 20 seconds
protocols.loophash.LoopHashMoverWrapper: Returning score = -99999
protocols.loophash.LoopHashMoverWrapper: Returning score = -99999
protocols.loophash.LoopHashMoverWrapper: Returning score = -99999
protocols.loophash.LoopHashMoverWrapper: Returning score = -99999
protocols.loophash.LoopHashMoverWrapper: Returning score = -99999
protocols.loophash.LoopHashMoverWrapper: Returning score = -99999
protocols.loophash.LoopHashMoverWrapper: Returning score = -99999
protocols.loophash.LoopHashMoverWrapper: Returning score = -99999
protocols.jd2.JobDistributor: no more batches to process... 
protocols.jd2.JobDistributor: 1 jobs considered, 1 jobs attempted in 23 seconds
